<?xml version="1.0" encoding="UTF-8"?>
<!-- Generated by org.testng.reporters.JUnitReportReporter -->
<testsuite hostname="INCNU348D1X1" failures="0" tests="2" name="dockerDemo.dockerDemo.ChromeFireFoxDockerTest" time="36.587" errors="0" timestamp="04 May 2019 10:14:34 GMT" skipped="0">
  <testcase classname="dockerDemo.dockerDemo.ChromeFireFoxDockerTest" name="runFFTestOnDocker" time="11.551"/>
  <testcase classname="dockerDemo.dockerDemo.ChromeFireFoxDockerTest" name="runChromeTestOnDocker" time="25.036"/>
</testsuite> <!-- dockerDemo.dockerDemo.ChromeFireFoxDockerTest -->
